ARM GAS  C:\Users\wup15j\AppData\Local\Temp\cciNIFGx.s 			page 1


   1              		.cpu cortex-m3
   2              		.arch armv7-m
   3              		.fpu softvfp
   4              		.eabi_attribute 20, 1
   5              		.eabi_attribute 21, 1
   6              		.eabi_attribute 23, 3
   7              		.eabi_attribute 24, 1
   8              		.eabi_attribute 25, 1
   9              		.eabi_attribute 26, 1
  10              		.eabi_attribute 30, 1
  11              		.eabi_attribute 34, 1
  12              		.eabi_attribute 18, 4
  13              		.file	"stm32f1xx_it.c"
  14              		.text
  15              	.Ltext0:
  16              		.cfi_sections	.debug_frame
  17              		.section	.text.NMI_Handler,"ax",%progbits
  18              		.align	1
  19              		.global	NMI_Handler
  20              		.syntax unified
  21              		.thumb
  22              		.thumb_func
  24              	NMI_Handler:
  25              	.LFB65:
  26              		.file 1 "Src/stm32f1xx_it.c"
   1:Src/stm32f1xx_it.c **** /* USER CODE BEGIN Header */
   2:Src/stm32f1xx_it.c **** /**
   3:Src/stm32f1xx_it.c ****   ******************************************************************************
   4:Src/stm32f1xx_it.c ****   * @file    stm32f1xx_it.c
   5:Src/stm32f1xx_it.c ****   * @brief   Interrupt Service Routines.
   6:Src/stm32f1xx_it.c ****   ******************************************************************************
   7:Src/stm32f1xx_it.c ****   * @attention
   8:Src/stm32f1xx_it.c ****   *
   9:Src/stm32f1xx_it.c ****   * <h2><center>&copy; Copyright (c) 2024 STMicroelectronics.
  10:Src/stm32f1xx_it.c ****   * All rights reserved.</center></h2>
  11:Src/stm32f1xx_it.c ****   *
  12:Src/stm32f1xx_it.c ****   * This software component is licensed by ST under BSD 3-Clause license,
  13:Src/stm32f1xx_it.c ****   * the "License"; You may not use this file except in compliance with the
  14:Src/stm32f1xx_it.c ****   * License. You may obtain a copy of the License at:
  15:Src/stm32f1xx_it.c ****   *                        opensource.org/licenses/BSD-3-Clause
  16:Src/stm32f1xx_it.c ****   *
  17:Src/stm32f1xx_it.c ****   ******************************************************************************
  18:Src/stm32f1xx_it.c ****   */
  19:Src/stm32f1xx_it.c **** /* USER CODE END Header */
  20:Src/stm32f1xx_it.c **** 
  21:Src/stm32f1xx_it.c **** /* Includes ------------------------------------------------------------------*/
  22:Src/stm32f1xx_it.c **** #include "main.h"
  23:Src/stm32f1xx_it.c **** #include "stm32f1xx_it.h"
  24:Src/stm32f1xx_it.c **** /* Private includes ----------------------------------------------------------*/
  25:Src/stm32f1xx_it.c **** /* USER CODE BEGIN Includes */
  26:Src/stm32f1xx_it.c **** /* USER CODE END Includes */
  27:Src/stm32f1xx_it.c **** 
  28:Src/stm32f1xx_it.c **** /* Private typedef -----------------------------------------------------------*/
  29:Src/stm32f1xx_it.c **** /* USER CODE BEGIN TD */
  30:Src/stm32f1xx_it.c **** 
  31:Src/stm32f1xx_it.c **** /* USER CODE END TD */
  32:Src/stm32f1xx_it.c **** 
ARM GAS  C:\Users\wup15j\AppData\Local\Temp\cciNIFGx.s 			page 2


  33:Src/stm32f1xx_it.c **** /* Private define ------------------------------------------------------------*/
  34:Src/stm32f1xx_it.c **** /* USER CODE BEGIN PD */
  35:Src/stm32f1xx_it.c ****  
  36:Src/stm32f1xx_it.c **** /* USER CODE END PD */
  37:Src/stm32f1xx_it.c **** 
  38:Src/stm32f1xx_it.c **** /* Private macro -------------------------------------------------------------*/
  39:Src/stm32f1xx_it.c **** /* USER CODE BEGIN PM */
  40:Src/stm32f1xx_it.c **** 
  41:Src/stm32f1xx_it.c **** /* USER CODE END PM */
  42:Src/stm32f1xx_it.c **** 
  43:Src/stm32f1xx_it.c **** /* Private variables ---------------------------------------------------------*/
  44:Src/stm32f1xx_it.c **** /* USER CODE BEGIN PV */
  45:Src/stm32f1xx_it.c **** 
  46:Src/stm32f1xx_it.c **** /* USER CODE END PV */
  47:Src/stm32f1xx_it.c **** 
  48:Src/stm32f1xx_it.c **** /* Private function prototypes -----------------------------------------------*/
  49:Src/stm32f1xx_it.c **** /* USER CODE BEGIN PFP */
  50:Src/stm32f1xx_it.c **** 
  51:Src/stm32f1xx_it.c **** /* USER CODE END PFP */
  52:Src/stm32f1xx_it.c **** 
  53:Src/stm32f1xx_it.c **** /* Private user code ---------------------------------------------------------*/
  54:Src/stm32f1xx_it.c **** /* USER CODE BEGIN 0 */
  55:Src/stm32f1xx_it.c **** 
  56:Src/stm32f1xx_it.c **** /* USER CODE END 0 */
  57:Src/stm32f1xx_it.c **** 
  58:Src/stm32f1xx_it.c **** /* External variables --------------------------------------------------------*/
  59:Src/stm32f1xx_it.c **** extern CAN_HandleTypeDef hcan;
  60:Src/stm32f1xx_it.c **** /* USER CODE BEGIN EV */
  61:Src/stm32f1xx_it.c **** 
  62:Src/stm32f1xx_it.c **** /* USER CODE END EV */
  63:Src/stm32f1xx_it.c **** 
  64:Src/stm32f1xx_it.c **** /******************************************************************************/
  65:Src/stm32f1xx_it.c **** /*           Cortex-M3 Processor Interruption and Exception Handlers          */
  66:Src/stm32f1xx_it.c **** /******************************************************************************/
  67:Src/stm32f1xx_it.c **** /**
  68:Src/stm32f1xx_it.c ****   * @brief This function handles Non maskable interrupt.
  69:Src/stm32f1xx_it.c ****   */
  70:Src/stm32f1xx_it.c **** void NMI_Handler(void)
  71:Src/stm32f1xx_it.c **** {
  27              		.loc 1 71 1 view -0
  28              		.cfi_startproc
  29              		@ args = 0, pretend = 0, frame = 0
  30              		@ frame_needed = 0, uses_anonymous_args = 0
  31              		@ link register save eliminated.
  72:Src/stm32f1xx_it.c ****   /* USER CODE BEGIN NonMaskableInt_IRQn 0 */
  73:Src/stm32f1xx_it.c **** 
  74:Src/stm32f1xx_it.c ****   /* USER CODE END NonMaskableInt_IRQn 0 */
  75:Src/stm32f1xx_it.c ****   /* USER CODE BEGIN NonMaskableInt_IRQn 1 */
  76:Src/stm32f1xx_it.c **** 
  77:Src/stm32f1xx_it.c ****   /* USER CODE END NonMaskableInt_IRQn 1 */
  78:Src/stm32f1xx_it.c **** }
  32              		.loc 1 78 1 view .LVU1
  33 0000 7047     		bx	lr
  34              		.cfi_endproc
  35              	.LFE65:
  37              		.section	.text.HardFault_Handler,"ax",%progbits
  38              		.align	1
ARM GAS  C:\Users\wup15j\AppData\Local\Temp\cciNIFGx.s 			page 3


  39              		.global	HardFault_Handler
  40              		.syntax unified
  41              		.thumb
  42              		.thumb_func
  44              	HardFault_Handler:
  45              	.LFB66:
  79:Src/stm32f1xx_it.c **** 
  80:Src/stm32f1xx_it.c **** /**
  81:Src/stm32f1xx_it.c ****   * @brief This function handles Hard fault interrupt.
  82:Src/stm32f1xx_it.c ****   */
  83:Src/stm32f1xx_it.c **** void HardFault_Handler(void)
  84:Src/stm32f1xx_it.c **** {
  46              		.loc 1 84 1 view -0
  47              		.cfi_startproc
  48              		@ Volatile: function does not return.
  49              		@ args = 0, pretend = 0, frame = 0
  50              		@ frame_needed = 0, uses_anonymous_args = 0
  51              		@ link register save eliminated.
  52              	.L3:
  85:Src/stm32f1xx_it.c ****   /* USER CODE BEGIN HardFault_IRQn 0 */
  86:Src/stm32f1xx_it.c **** 
  87:Src/stm32f1xx_it.c ****   /* USER CODE END HardFault_IRQn 0 */
  88:Src/stm32f1xx_it.c ****   while (1)
  53              		.loc 1 88 3 discriminator 1 view .LVU3
  89:Src/stm32f1xx_it.c ****   {
  90:Src/stm32f1xx_it.c ****     /* USER CODE BEGIN W1_HardFault_IRQn 0 */
  91:Src/stm32f1xx_it.c ****     /* USER CODE END W1_HardFault_IRQn 0 */
  92:Src/stm32f1xx_it.c ****   }
  54              		.loc 1 92 3 discriminator 1 view .LVU4
  88:Src/stm32f1xx_it.c ****   {
  55              		.loc 1 88 9 discriminator 1 view .LVU5
  56 0000 FEE7     		b	.L3
  57              		.cfi_endproc
  58              	.LFE66:
  60              		.section	.text.MemManage_Handler,"ax",%progbits
  61              		.align	1
  62              		.global	MemManage_Handler
  63              		.syntax unified
  64              		.thumb
  65              		.thumb_func
  67              	MemManage_Handler:
  68              	.LFB67:
  93:Src/stm32f1xx_it.c **** }
  94:Src/stm32f1xx_it.c **** 
  95:Src/stm32f1xx_it.c **** /**
  96:Src/stm32f1xx_it.c ****   * @brief This function handles Memory management fault.
  97:Src/stm32f1xx_it.c ****   */
  98:Src/stm32f1xx_it.c **** void MemManage_Handler(void)
  99:Src/stm32f1xx_it.c **** {
  69              		.loc 1 99 1 view -0
  70              		.cfi_startproc
  71              		@ Volatile: function does not return.
  72              		@ args = 0, pretend = 0, frame = 0
  73              		@ frame_needed = 0, uses_anonymous_args = 0
  74              		@ link register save eliminated.
  75              	.L5:
 100:Src/stm32f1xx_it.c ****   /* USER CODE BEGIN MemoryManagement_IRQn 0 */
ARM GAS  C:\Users\wup15j\AppData\Local\Temp\cciNIFGx.s 			page 4


 101:Src/stm32f1xx_it.c **** 
 102:Src/stm32f1xx_it.c ****   /* USER CODE END MemoryManagement_IRQn 0 */
 103:Src/stm32f1xx_it.c ****   while (1)
  76              		.loc 1 103 3 discriminator 1 view .LVU7
 104:Src/stm32f1xx_it.c ****   {
 105:Src/stm32f1xx_it.c ****     /* USER CODE BEGIN W1_MemoryManagement_IRQn 0 */
 106:Src/stm32f1xx_it.c ****     /* USER CODE END W1_MemoryManagement_IRQn 0 */
 107:Src/stm32f1xx_it.c ****   }
  77              		.loc 1 107 3 discriminator 1 view .LVU8
 103:Src/stm32f1xx_it.c ****   {
  78              		.loc 1 103 9 discriminator 1 view .LVU9
  79 0000 FEE7     		b	.L5
  80              		.cfi_endproc
  81              	.LFE67:
  83              		.section	.text.BusFault_Handler,"ax",%progbits
  84              		.align	1
  85              		.global	BusFault_Handler
  86              		.syntax unified
  87              		.thumb
  88              		.thumb_func
  90              	BusFault_Handler:
  91              	.LFB68:
 108:Src/stm32f1xx_it.c **** }
 109:Src/stm32f1xx_it.c **** 
 110:Src/stm32f1xx_it.c **** /**
 111:Src/stm32f1xx_it.c ****   * @brief This function handles Prefetch fault, memory access fault.
 112:Src/stm32f1xx_it.c ****   */
 113:Src/stm32f1xx_it.c **** void BusFault_Handler(void)
 114:Src/stm32f1xx_it.c **** {
  92              		.loc 1 114 1 view -0
  93              		.cfi_startproc
  94              		@ Volatile: function does not return.
  95              		@ args = 0, pretend = 0, frame = 0
  96              		@ frame_needed = 0, uses_anonymous_args = 0
  97              		@ link register save eliminated.
  98              	.L7:
 115:Src/stm32f1xx_it.c ****   /* USER CODE BEGIN BusFault_IRQn 0 */
 116:Src/stm32f1xx_it.c **** 
 117:Src/stm32f1xx_it.c ****   /* USER CODE END BusFault_IRQn 0 */
 118:Src/stm32f1xx_it.c ****   while (1)
  99              		.loc 1 118 3 discriminator 1 view .LVU11
 119:Src/stm32f1xx_it.c ****   {
 120:Src/stm32f1xx_it.c ****     /* USER CODE BEGIN W1_BusFault_IRQn 0 */
 121:Src/stm32f1xx_it.c ****     /* USER CODE END W1_BusFault_IRQn 0 */
 122:Src/stm32f1xx_it.c ****   }
 100              		.loc 1 122 3 discriminator 1 view .LVU12
 118:Src/stm32f1xx_it.c ****   {
 101              		.loc 1 118 9 discriminator 1 view .LVU13
 102 0000 FEE7     		b	.L7
 103              		.cfi_endproc
 104              	.LFE68:
 106              		.section	.text.UsageFault_Handler,"ax",%progbits
 107              		.align	1
 108              		.global	UsageFault_Handler
 109              		.syntax unified
 110              		.thumb
 111              		.thumb_func
ARM GAS  C:\Users\wup15j\AppData\Local\Temp\cciNIFGx.s 			page 5


 113              	UsageFault_Handler:
 114              	.LFB69:
 123:Src/stm32f1xx_it.c **** }
 124:Src/stm32f1xx_it.c **** 
 125:Src/stm32f1xx_it.c **** /**
 126:Src/stm32f1xx_it.c ****   * @brief This function handles Undefined instruction or illegal state.
 127:Src/stm32f1xx_it.c ****   */
 128:Src/stm32f1xx_it.c **** void UsageFault_Handler(void)
 129:Src/stm32f1xx_it.c **** {
 115              		.loc 1 129 1 view -0
 116              		.cfi_startproc
 117              		@ Volatile: function does not return.
 118              		@ args = 0, pretend = 0, frame = 0
 119              		@ frame_needed = 0, uses_anonymous_args = 0
 120              		@ link register save eliminated.
 121              	.L9:
 130:Src/stm32f1xx_it.c ****   /* USER CODE BEGIN UsageFault_IRQn 0 */
 131:Src/stm32f1xx_it.c **** 
 132:Src/stm32f1xx_it.c ****   /* USER CODE END UsageFault_IRQn 0 */
 133:Src/stm32f1xx_it.c ****   while (1)
 122              		.loc 1 133 3 discriminator 1 view .LVU15
 134:Src/stm32f1xx_it.c ****   {
 135:Src/stm32f1xx_it.c ****     /* USER CODE BEGIN W1_UsageFault_IRQn 0 */
 136:Src/stm32f1xx_it.c ****     /* USER CODE END W1_UsageFault_IRQn 0 */
 137:Src/stm32f1xx_it.c ****   }
 123              		.loc 1 137 3 discriminator 1 view .LVU16
 133:Src/stm32f1xx_it.c ****   {
 124              		.loc 1 133 9 discriminator 1 view .LVU17
 125 0000 FEE7     		b	.L9
 126              		.cfi_endproc
 127              	.LFE69:
 129              		.section	.text.SVC_Handler,"ax",%progbits
 130              		.align	1
 131              		.global	SVC_Handler
 132              		.syntax unified
 133              		.thumb
 134              		.thumb_func
 136              	SVC_Handler:
 137              	.LFB70:
 138:Src/stm32f1xx_it.c **** }
 139:Src/stm32f1xx_it.c **** 
 140:Src/stm32f1xx_it.c **** /**
 141:Src/stm32f1xx_it.c ****   * @brief This function handles System service call via SWI instruction.
 142:Src/stm32f1xx_it.c ****   */
 143:Src/stm32f1xx_it.c **** void SVC_Handler(void)
 144:Src/stm32f1xx_it.c **** {
 138              		.loc 1 144 1 view -0
 139              		.cfi_startproc
 140              		@ args = 0, pretend = 0, frame = 0
 141              		@ frame_needed = 0, uses_anonymous_args = 0
 142              		@ link register save eliminated.
 145:Src/stm32f1xx_it.c ****   /* USER CODE BEGIN SVCall_IRQn 0 */
 146:Src/stm32f1xx_it.c **** 
 147:Src/stm32f1xx_it.c ****   /* USER CODE END SVCall_IRQn 0 */
 148:Src/stm32f1xx_it.c ****   /* USER CODE BEGIN SVCall_IRQn 1 */
 149:Src/stm32f1xx_it.c **** 
 150:Src/stm32f1xx_it.c ****   /* USER CODE END SVCall_IRQn 1 */
ARM GAS  C:\Users\wup15j\AppData\Local\Temp\cciNIFGx.s 			page 6


 151:Src/stm32f1xx_it.c **** }
 143              		.loc 1 151 1 view .LVU19
 144 0000 7047     		bx	lr
 145              		.cfi_endproc
 146              	.LFE70:
 148              		.section	.text.DebugMon_Handler,"ax",%progbits
 149              		.align	1
 150              		.global	DebugMon_Handler
 151              		.syntax unified
 152              		.thumb
 153              		.thumb_func
 155              	DebugMon_Handler:
 156              	.LFB71:
 152:Src/stm32f1xx_it.c **** 
 153:Src/stm32f1xx_it.c **** /**
 154:Src/stm32f1xx_it.c ****   * @brief This function handles Debug monitor.
 155:Src/stm32f1xx_it.c ****   */
 156:Src/stm32f1xx_it.c **** void DebugMon_Handler(void)
 157:Src/stm32f1xx_it.c **** {
 157              		.loc 1 157 1 view -0
 158              		.cfi_startproc
 159              		@ args = 0, pretend = 0, frame = 0
 160              		@ frame_needed = 0, uses_anonymous_args = 0
 161              		@ link register save eliminated.
 158:Src/stm32f1xx_it.c ****   /* USER CODE BEGIN DebugMonitor_IRQn 0 */
 159:Src/stm32f1xx_it.c **** 
 160:Src/stm32f1xx_it.c ****   /* USER CODE END DebugMonitor_IRQn 0 */
 161:Src/stm32f1xx_it.c ****   /* USER CODE BEGIN DebugMonitor_IRQn 1 */
 162:Src/stm32f1xx_it.c **** 
 163:Src/stm32f1xx_it.c ****   /* USER CODE END DebugMonitor_IRQn 1 */
 164:Src/stm32f1xx_it.c **** }
 162              		.loc 1 164 1 view .LVU21
 163 0000 7047     		bx	lr
 164              		.cfi_endproc
 165              	.LFE71:
 167              		.section	.text.PendSV_Handler,"ax",%progbits
 168              		.align	1
 169              		.global	PendSV_Handler
 170              		.syntax unified
 171              		.thumb
 172              		.thumb_func
 174              	PendSV_Handler:
 175              	.LFB72:
 165:Src/stm32f1xx_it.c **** 
 166:Src/stm32f1xx_it.c **** /**
 167:Src/stm32f1xx_it.c ****   * @brief This function handles Pendable request for system service.
 168:Src/stm32f1xx_it.c ****   */
 169:Src/stm32f1xx_it.c **** void PendSV_Handler(void)
 170:Src/stm32f1xx_it.c **** {
 176              		.loc 1 170 1 view -0
 177              		.cfi_startproc
 178              		@ args = 0, pretend = 0, frame = 0
 179              		@ frame_needed = 0, uses_anonymous_args = 0
 180              		@ link register save eliminated.
 171:Src/stm32f1xx_it.c ****   /* USER CODE BEGIN PendSV_IRQn 0 */
 172:Src/stm32f1xx_it.c **** 
 173:Src/stm32f1xx_it.c ****   /* USER CODE END PendSV_IRQn 0 */
ARM GAS  C:\Users\wup15j\AppData\Local\Temp\cciNIFGx.s 			page 7


 174:Src/stm32f1xx_it.c ****   /* USER CODE BEGIN PendSV_IRQn 1 */
 175:Src/stm32f1xx_it.c **** 
 176:Src/stm32f1xx_it.c ****   /* USER CODE END PendSV_IRQn 1 */
 177:Src/stm32f1xx_it.c **** }
 181              		.loc 1 177 1 view .LVU23
 182 0000 7047     		bx	lr
 183              		.cfi_endproc
 184              	.LFE72:
 186              		.section	.text.SysTick_Handler,"ax",%progbits
 187              		.align	1
 188              		.global	SysTick_Handler
 189              		.syntax unified
 190              		.thumb
 191              		.thumb_func
 193              	SysTick_Handler:
 194              	.LFB73:
 178:Src/stm32f1xx_it.c **** 
 179:Src/stm32f1xx_it.c **** /**
 180:Src/stm32f1xx_it.c ****   * @brief This function handles System tick timer.
 181:Src/stm32f1xx_it.c ****   */
 182:Src/stm32f1xx_it.c **** void SysTick_Handler(void)
 183:Src/stm32f1xx_it.c **** {
 195              		.loc 1 183 1 view -0
 196              		.cfi_startproc
 197              		@ args = 0, pretend = 0, frame = 0
 198              		@ frame_needed = 0, uses_anonymous_args = 0
 199 0000 08B5     		push	{r3, lr}
 200              	.LCFI0:
 201              		.cfi_def_cfa_offset 8
 202              		.cfi_offset 3, -8
 203              		.cfi_offset 14, -4
 184:Src/stm32f1xx_it.c ****   /* USER CODE BEGIN SysTick_IRQn 0 */
 185:Src/stm32f1xx_it.c **** 
 186:Src/stm32f1xx_it.c ****   /* USER CODE END SysTick_IRQn 0 */
 187:Src/stm32f1xx_it.c ****   HAL_IncTick();
 204              		.loc 1 187 3 view .LVU25
 205 0002 FFF7FEFF 		bl	HAL_IncTick
 206              	.LVL0:
 188:Src/stm32f1xx_it.c ****   /* USER CODE BEGIN SysTick_IRQn 1 */
 189:Src/stm32f1xx_it.c **** 
 190:Src/stm32f1xx_it.c ****   /* USER CODE END SysTick_IRQn 1 */
 191:Src/stm32f1xx_it.c **** }
 207              		.loc 1 191 1 is_stmt 0 view .LVU26
 208 0006 08BD     		pop	{r3, pc}
 209              		.cfi_endproc
 210              	.LFE73:
 212              		.section	.text.USB_LP_CAN1_RX0_IRQHandler,"ax",%progbits
 213              		.align	1
 214              		.global	USB_LP_CAN1_RX0_IRQHandler
 215              		.syntax unified
 216              		.thumb
 217              		.thumb_func
 219              	USB_LP_CAN1_RX0_IRQHandler:
 220              	.LFB74:
 192:Src/stm32f1xx_it.c **** 
 193:Src/stm32f1xx_it.c **** /******************************************************************************/
 194:Src/stm32f1xx_it.c **** /* STM32F1xx Peripheral Interrupt Handlers                                    */
ARM GAS  C:\Users\wup15j\AppData\Local\Temp\cciNIFGx.s 			page 8


 195:Src/stm32f1xx_it.c **** /* Add here the Interrupt Handlers for the used peripherals.                  */
 196:Src/stm32f1xx_it.c **** /* For the available peripheral interrupt handler names,                      */
 197:Src/stm32f1xx_it.c **** /* please refer to the startup file (startup_stm32f1xx.s).                    */
 198:Src/stm32f1xx_it.c **** /******************************************************************************/
 199:Src/stm32f1xx_it.c **** 
 200:Src/stm32f1xx_it.c **** /**
 201:Src/stm32f1xx_it.c ****   * @brief This function handles USB low priority or CAN RX0 interrupts.
 202:Src/stm32f1xx_it.c ****   */
 203:Src/stm32f1xx_it.c **** void USB_LP_CAN1_RX0_IRQHandler(void)
 204:Src/stm32f1xx_it.c **** {
 221              		.loc 1 204 1 is_stmt 1 view -0
 222              		.cfi_startproc
 223              		@ args = 0, pretend = 0, frame = 0
 224              		@ frame_needed = 0, uses_anonymous_args = 0
 225 0000 08B5     		push	{r3, lr}
 226              	.LCFI1:
 227              		.cfi_def_cfa_offset 8
 228              		.cfi_offset 3, -8
 229              		.cfi_offset 14, -4
 205:Src/stm32f1xx_it.c ****   /* USER CODE BEGIN USB_LP_CAN1_RX0_IRQn 0 */
 206:Src/stm32f1xx_it.c **** 
 207:Src/stm32f1xx_it.c ****   /* USER CODE END USB_LP_CAN1_RX0_IRQn 0 */
 208:Src/stm32f1xx_it.c ****   HAL_CAN_IRQHandler(&hcan);
 230              		.loc 1 208 3 view .LVU28
 231 0002 0248     		ldr	r0, .L17
 232 0004 FFF7FEFF 		bl	HAL_CAN_IRQHandler
 233              	.LVL1:
 209:Src/stm32f1xx_it.c ****   /* USER CODE BEGIN USB_LP_CAN1_RX0_IRQn 1 */
 210:Src/stm32f1xx_it.c **** 
 211:Src/stm32f1xx_it.c ****   /* USER CODE END USB_LP_CAN1_RX0_IRQn 1 */
 212:Src/stm32f1xx_it.c **** }
 234              		.loc 1 212 1 is_stmt 0 view .LVU29
 235 0008 08BD     		pop	{r3, pc}
 236              	.L18:
 237 000a 00BF     		.align	2
 238              	.L17:
 239 000c 00000000 		.word	hcan
 240              		.cfi_endproc
 241              	.LFE74:
 243              		.section	.text.CAN1_RX1_IRQHandler,"ax",%progbits
 244              		.align	1
 245              		.global	CAN1_RX1_IRQHandler
 246              		.syntax unified
 247              		.thumb
 248              		.thumb_func
 250              	CAN1_RX1_IRQHandler:
 251              	.LFB75:
 213:Src/stm32f1xx_it.c **** 
 214:Src/stm32f1xx_it.c **** /**
 215:Src/stm32f1xx_it.c ****   * @brief This function handles CAN RX1 interrupt.
 216:Src/stm32f1xx_it.c ****   */
 217:Src/stm32f1xx_it.c **** void CAN1_RX1_IRQHandler(void)
 218:Src/stm32f1xx_it.c **** {
 252              		.loc 1 218 1 is_stmt 1 view -0
 253              		.cfi_startproc
 254              		@ args = 0, pretend = 0, frame = 0
 255              		@ frame_needed = 0, uses_anonymous_args = 0
ARM GAS  C:\Users\wup15j\AppData\Local\Temp\cciNIFGx.s 			page 9


 256 0000 08B5     		push	{r3, lr}
 257              	.LCFI2:
 258              		.cfi_def_cfa_offset 8
 259              		.cfi_offset 3, -8
 260              		.cfi_offset 14, -4
 219:Src/stm32f1xx_it.c ****   /* USER CODE BEGIN CAN1_RX1_IRQn 0 */
 220:Src/stm32f1xx_it.c **** 
 221:Src/stm32f1xx_it.c ****   /* USER CODE END CAN1_RX1_IRQn 0 */
 222:Src/stm32f1xx_it.c ****   HAL_CAN_IRQHandler(&hcan);
 261              		.loc 1 222 3 view .LVU31
 262 0002 0248     		ldr	r0, .L21
 263 0004 FFF7FEFF 		bl	HAL_CAN_IRQHandler
 264              	.LVL2:
 223:Src/stm32f1xx_it.c ****   /* USER CODE BEGIN CAN1_RX1_IRQn 1 */
 224:Src/stm32f1xx_it.c **** 
 225:Src/stm32f1xx_it.c ****   /* USER CODE END CAN1_RX1_IRQn 1 */
 226:Src/stm32f1xx_it.c **** }
 265              		.loc 1 226 1 is_stmt 0 view .LVU32
 266 0008 08BD     		pop	{r3, pc}
 267              	.L22:
 268 000a 00BF     		.align	2
 269              	.L21:
 270 000c 00000000 		.word	hcan
 271              		.cfi_endproc
 272              	.LFE75:
 274              		.text
 275              	.Letext0:
 276              		.file 2 "c:\\program files (x86)\\gnu arm embedded toolchain\\10 2021.10\\arm-none-eabi\\include\\
 277              		.file 3 "c:\\program files (x86)\\gnu arm embedded toolchain\\10 2021.10\\arm-none-eabi\\include\\
 278              		.file 4 "Drivers/CMSIS/Device/ST/STM32F1xx/Include/stm32f103x6.h"
 279              		.file 5 "Drivers/CMSIS/Device/ST/STM32F1xx/Include/stm32f1xx.h"
 280              		.file 6 "Drivers/STM32F1xx_HAL_Driver/Inc/stm32f1xx_hal_can.h"
 281              		.file 7 "Drivers/STM32F1xx_HAL_Driver/Inc/stm32f1xx_hal.h"
ARM GAS  C:\Users\wup15j\AppData\Local\Temp\cciNIFGx.s 			page 10


DEFINED SYMBOLS
                            *ABS*:00000000 stm32f1xx_it.c
C:\Users\wup15j\AppData\Local\Temp\cciNIFGx.s:18     .text.NMI_Handler:00000000 $t
C:\Users\wup15j\AppData\Local\Temp\cciNIFGx.s:24     .text.NMI_Handler:00000000 NMI_Handler
C:\Users\wup15j\AppData\Local\Temp\cciNIFGx.s:38     .text.HardFault_Handler:00000000 $t
C:\Users\wup15j\AppData\Local\Temp\cciNIFGx.s:44     .text.HardFault_Handler:00000000 HardFault_Handler
C:\Users\wup15j\AppData\Local\Temp\cciNIFGx.s:61     .text.MemManage_Handler:00000000 $t
C:\Users\wup15j\AppData\Local\Temp\cciNIFGx.s:67     .text.MemManage_Handler:00000000 MemManage_Handler
C:\Users\wup15j\AppData\Local\Temp\cciNIFGx.s:84     .text.BusFault_Handler:00000000 $t
C:\Users\wup15j\AppData\Local\Temp\cciNIFGx.s:90     .text.BusFault_Handler:00000000 BusFault_Handler
C:\Users\wup15j\AppData\Local\Temp\cciNIFGx.s:107    .text.UsageFault_Handler:00000000 $t
C:\Users\wup15j\AppData\Local\Temp\cciNIFGx.s:113    .text.UsageFault_Handler:00000000 UsageFault_Handler
C:\Users\wup15j\AppData\Local\Temp\cciNIFGx.s:130    .text.SVC_Handler:00000000 $t
C:\Users\wup15j\AppData\Local\Temp\cciNIFGx.s:136    .text.SVC_Handler:00000000 SVC_Handler
C:\Users\wup15j\AppData\Local\Temp\cciNIFGx.s:149    .text.DebugMon_Handler:00000000 $t
C:\Users\wup15j\AppData\Local\Temp\cciNIFGx.s:155    .text.DebugMon_Handler:00000000 DebugMon_Handler
C:\Users\wup15j\AppData\Local\Temp\cciNIFGx.s:168    .text.PendSV_Handler:00000000 $t
C:\Users\wup15j\AppData\Local\Temp\cciNIFGx.s:174    .text.PendSV_Handler:00000000 PendSV_Handler
C:\Users\wup15j\AppData\Local\Temp\cciNIFGx.s:187    .text.SysTick_Handler:00000000 $t
C:\Users\wup15j\AppData\Local\Temp\cciNIFGx.s:193    .text.SysTick_Handler:00000000 SysTick_Handler
C:\Users\wup15j\AppData\Local\Temp\cciNIFGx.s:213    .text.USB_LP_CAN1_RX0_IRQHandler:00000000 $t
C:\Users\wup15j\AppData\Local\Temp\cciNIFGx.s:219    .text.USB_LP_CAN1_RX0_IRQHandler:00000000 USB_LP_CAN1_RX0_IRQHandler
C:\Users\wup15j\AppData\Local\Temp\cciNIFGx.s:239    .text.USB_LP_CAN1_RX0_IRQHandler:0000000c $d
C:\Users\wup15j\AppData\Local\Temp\cciNIFGx.s:244    .text.CAN1_RX1_IRQHandler:00000000 $t
C:\Users\wup15j\AppData\Local\Temp\cciNIFGx.s:250    .text.CAN1_RX1_IRQHandler:00000000 CAN1_RX1_IRQHandler
C:\Users\wup15j\AppData\Local\Temp\cciNIFGx.s:270    .text.CAN1_RX1_IRQHandler:0000000c $d

UNDEFINED SYMBOLS
HAL_IncTick
HAL_CAN_IRQHandler
hcan
